<?xml version="1.0" encoding="UTF-8"?>
<testsuite xmlns:xsi="http://www.w3.org/2001/XMLSchema-instance" xsi:noNamespaceSchemaLocation="https://maven.apache.org/surefire/maven-surefire-plugin/xsd/surefire-test-report-3.0.xsd" version="3.0" name="com.example.InbreedingCalculatorCsvTest" time="0.051" tests="7" errors="0" skipped="0" failures="0">
  <properties>
[...]
</properties>
  <testcase name="testInbreeding_NonExistent" classname="com.example.InbreedingCalculatorCsvTest" time="0.013">
    <system-out><![CDATA[Loaded 28 ID mapping records.
Loaded and processed 33 pedigree records.

--- Debugging Pedigree Data for X, Y, Z, P1, P2, P3 ---
Animal Found: Animal [ID=X, 父号=Y, 母号=Z]
Animal Found: Animal [ID=Y, 父号=P1, 母号=P2]
Animal Found: Animal [ID=Z, 父号=P1, 母号=P3]
Animal Found: Animal [ID=P1, 父号=null, 母号=null]
Animal Found: Animal [ID=P2, 父号=null, 母号=null]
Animal Found: Animal [ID=P3, 父号=null, 母号=null]
--- End Debugging Pedigree Data ---

2025-04-23T07:01:12.327 - DEBUG (Calculator): Enter Calc Inbreeding: ID=NON_EXISTENT_ID, Depth=0
2025-04-23T07:01:12.328 - DEBUG (Calculator): Base case Inbreeding: ID=NON_EXISTENT_ID, Animal=false, Sire=N/A, Dam=N/A
2025-04-23T07:01:12.328 - DEBUG (Calculator): Exit Calc Inbreeding (Base Case/No Parents): ID=NON_EXISTENT_ID -> 0.0
]]></system-out>
  </testcase>
  <testcase name="testInbreeding_MissingParents" classname="com.example.InbreedingCalculatorCsvTest" time="0">
    <system-out><![CDATA[2025-04-23T07:01:12.332 - DEBUG (Calculator): Enter Calc Inbreeding: ID=HOCHNF37XC010X000034, Depth=0
2025-04-23T07:01:12.332 - DEBUG (Calculator): Base case Inbreeding: ID=HOCHNF37XC010X000034, Animal=true, Sire=HO840M3234522255, Dam=null
2025-04-23T07:01:12.332 - DEBUG (Calculator): Exit Calc Inbreeding (Base Case/No Parents): ID=HOCHNF37XC010X000034 -> 0.0
]]></system-out>
  </testcase>
  <testcase name="testInbreeding_P1_Founder" classname="com.example.InbreedingCalculatorCsvTest" time="0">
    <system-out><![CDATA[2025-04-23T07:01:12.333 - DEBUG (Calculator): Enter Calc Inbreeding: ID=P1, Depth=0
2025-04-23T07:01:12.333 - DEBUG (Calculator): Base case Inbreeding: ID=P1, Animal=true, Sire=null, Dam=null
2025-04-23T07:01:12.333 - DEBUG (Calculator): Exit Calc Inbreeding (Base Case/No Parents): ID=P1 -> 0.0
]]></system-out>
  </testcase>
  <testcase name="testInbreeding_W_MappedDam" classname="com.example.InbreedingCalculatorCsvTest" time="0.011">
    <system-out><![CDATA[2025-04-23T07:01:12.334 - DEBUG (Calculator): Enter Calc Inbreeding: ID=W, Depth=0
2025-04-23T07:01:12.334 - DEBUG (Calculator): Enter Calc Coancestry: ID1=P4, ID2=mapped_dam_standard, Depth=1
2025-04-23T07:01:12.341 - DEBUG (Calculator): Calculating Coancestry f_P4mapped_dam_standard by tracing parents of mapped_dam_standard
2025-04-23T07:01:12.342 - DEBUG (Calculator): Enter Calc Coancestry: ID1=P4, ID2=P1, Depth=2
2025-04-23T07:01:12.342 - DEBUG (Calculator): Calculating Coancestry f_P1P4 by tracing parents of P4
2025-04-23T07:01:12.342 - DEBUG (Calculator): Coancestry: f_P1P4 = 0.5 * (f_P1null=0.000000 + f_P1null=0.000000) = 0.000000
2025-04-23T07:01:12.342 - DEBUG (Calculator): Caching Coancestry: Key=(P1, P4) -> 0.000000
2025-04-23T07:01:12.342 - DEBUG (Calculator): Exit Calc Coancestry (Calculated): ID1=P4, ID2=P1 -> 0.000000
2025-04-23T07:01:12.342 - DEBUG (Calculator): Enter Calc Coancestry: ID1=P4, ID2=P2, Depth=2
2025-04-23T07:01:12.342 - DEBUG (Calculator): Calculating Coancestry f_P2P4 by tracing parents of P4
2025-04-23T07:01:12.342 - DEBUG (Calculator): Coancestry: f_P2P4 = 0.5 * (f_P2null=0.000000 + f_P2null=0.000000) = 0.000000
2025-04-23T07:01:12.342 - DEBUG (Calculator): Caching Coancestry: Key=(P2, P4) -> 0.000000
2025-04-23T07:01:12.343 - DEBUG (Calculator): Exit Calc Coancestry (Calculated): ID1=P4, ID2=P2 -> 0.000000
2025-04-23T07:01:12.343 - DEBUG (Calculator): Coancestry: f_P4mapped_dam_standard = 0.5 * (f_P4P1=0.000000 + f_P4P2=0.000000) = 0.000000
2025-04-23T07:01:12.344 - DEBUG (Calculator): Caching Coancestry: Key=(P4, mapped_dam_standard) -> 0.000000
2025-04-23T07:01:12.344 - DEBUG (Calculator): Exit Calc Coancestry (Calculated): ID1=P4, ID2=mapped_dam_standard -> 0.000000
2025-04-23T07:01:12.344 - DEBUG (Calculator): Calculated Inbreeding: ID=W -> 0.000000
2025-04-23T07:01:12.344 - DEBUG (Calculator): Exit Calc Inbreeding (Calculated): ID=W -> 0.000000
]]></system-out>
  </testcase>
  <testcase name="testInbreeding_Y_UnrelatedParents" classname="com.example.InbreedingCalculatorCsvTest" time="0.001">
    <system-out><![CDATA[2025-04-23T07:01:12.345 - DEBUG (Calculator): Enter Calc Inbreeding: ID=Y, Depth=0
2025-04-23T07:01:12.345 - DEBUG (Calculator): Enter Calc Coancestry: ID1=P1, ID2=P2, Depth=1
2025-04-23T07:01:12.345 - DEBUG (Calculator): Calculating Coancestry f_P1P2 by tracing parents of P2
2025-04-23T07:01:12.345 - DEBUG (Calculator): Coancestry: f_P1P2 = 0.5 * (f_P1null=0.000000 + f_P1null=0.000000) = 0.000000
2025-04-23T07:01:12.345 - DEBUG (Calculator): Caching Coancestry: Key=(P1, P2) -> 0.000000
2025-04-23T07:01:12.345 - DEBUG (Calculator): Exit Calc Coancestry (Calculated): ID1=P1, ID2=P2 -> 0.000000
2025-04-23T07:01:12.345 - DEBUG (Calculator): Calculated Inbreeding: ID=Y -> 0.000000
2025-04-23T07:01:12.345 - DEBUG (Calculator): Exit Calc Inbreeding (Calculated): ID=Y -> 0.000000
]]></system-out>
  </testcase>
  <testcase name="testInbreeding_X_HalfSibMating" classname="com.example.InbreedingCalculatorCsvTest" time="0.004">
    <system-out><![CDATA[2025-04-23T07:01:12.346 - DEBUG (Calculator): Enter Calc Inbreeding: ID=X, Depth=0
2025-04-23T07:01:12.346 - DEBUG (Calculator): Enter Calc Coancestry: ID1=Y, ID2=Z, Depth=1
2025-04-23T07:01:12.346 - DEBUG (Calculator): Calculating Coancestry f_YZ by tracing parents of Z
2025-04-23T07:01:12.347 - DEBUG (Calculator): Enter Calc Coancestry: ID1=Y, ID2=P1, Depth=2
2025-04-23T07:01:12.347 - DEBUG (Calculator): Calculating Coancestry f_P1Y by tracing parents of Y
2025-04-23T07:01:12.347 - DEBUG (Calculator): Enter Calc Coancestry: ID1=P1, ID2=P1, Depth=3
2025-04-23T07:01:12.347 - DEBUG (Calculator): Calculating Self-Coancestry for P1
2025-04-23T07:01:12.347 - DEBUG (Calculator): Enter Calc Inbreeding: ID=P1, Depth=4
2025-04-23T07:01:12.347 - DEBUG (Calculator): Exit Calc Inbreeding (Cache Hit): ID=P1 -> 0.000000
2025-04-23T07:01:12.347 - DEBUG (Calculator): Self-Coancestry: f_P1P1 = 0.5 * (1 + F_P1=0.000000) = 0.500000
2025-04-23T07:01:12.347 - DEBUG (Calculator): Caching Coancestry: Key=(P1, P1) -> 0.500000
2025-04-23T07:01:12.347 - DEBUG (Calculator): Exit Calc Coancestry (Calculated): ID1=P1, ID2=P1 -> 0.500000
2025-04-23T07:01:12.347 - DEBUG (Calculator): Enter Calc Coancestry: ID1=P1, ID2=P2, Depth=3
2025-04-23T07:01:12.347 - DEBUG (Calculator): Exit Calc Coancestry (Cache Hit): Key=(P1, P2) -> 0.000000
2025-04-23T07:01:12.347 - DEBUG (Calculator): Coancestry: f_P1Y = 0.5 * (f_P1P1=0.500000 + f_P1P2=0.000000) = 0.250000
2025-04-23T07:01:12.347 - DEBUG (Calculator): Caching Coancestry: Key=(P1, Y) -> 0.250000
2025-04-23T07:01:12.347 - DEBUG (Calculator): Exit Calc Coancestry (Calculated): ID1=Y, ID2=P1 -> 0.250000
2025-04-23T07:01:12.348 - DEBUG (Calculator): Enter Calc Coancestry: ID1=Y, ID2=P3, Depth=2
2025-04-23T07:01:12.348 - DEBUG (Calculator): Calculating Coancestry f_P3Y by tracing parents of Y
2025-04-23T07:01:12.348 - DEBUG (Calculator): Enter Calc Coancestry: ID1=P3, ID2=P1, Depth=3
2025-04-23T07:01:12.348 - DEBUG (Calculator): Calculating Coancestry f_P1P3 by tracing parents of P3
2025-04-23T07:01:12.348 - DEBUG (Calculator): Coancestry: f_P1P3 = 0.5 * (f_P1null=0.000000 + f_P1null=0.000000) = 0.000000
2025-04-23T07:01:12.348 - DEBUG (Calculator): Caching Coancestry: Key=(P1, P3) -> 0.000000
2025-04-23T07:01:12.348 - DEBUG (Calculator): Exit Calc Coancestry (Calculated): ID1=P3, ID2=P1 -> 0.000000
2025-04-23T07:01:12.348 - DEBUG (Calculator): Enter Calc Coancestry: ID1=P3, ID2=P2, Depth=3
2025-04-23T07:01:12.348 - DEBUG (Calculator): Calculating Coancestry f_P2P3 by tracing parents of P3
2025-04-23T07:01:12.348 - DEBUG (Calculator): Coancestry: f_P2P3 = 0.5 * (f_P2null=0.000000 + f_P2null=0.000000) = 0.000000
2025-04-23T07:01:12.348 - DEBUG (Calculator): Caching Coancestry: Key=(P2, P3) -> 0.000000
2025-04-23T07:01:12.349 - DEBUG (Calculator): Exit Calc Coancestry (Calculated): ID1=P3, ID2=P2 -> 0.000000
2025-04-23T07:01:12.349 - DEBUG (Calculator): Coancestry: f_P3Y = 0.5 * (f_P3P1=0.000000 + f_P3P2=0.000000) = 0.000000
2025-04-23T07:01:12.349 - DEBUG (Calculator): Caching Coancestry: Key=(P3, Y) -> 0.000000
2025-04-23T07:01:12.349 - DEBUG (Calculator): Exit Calc Coancestry (Calculated): ID1=Y, ID2=P3 -> 0.000000
2025-04-23T07:01:12.349 - DEBUG (Calculator): Coancestry: f_YZ = 0.5 * (f_YP1=0.250000 + f_YP3=0.000000) = 0.125000
2025-04-23T07:01:12.349 - DEBUG (Calculator): Caching Coancestry: Key=(Y, Z) -> 0.125000
2025-04-23T07:01:12.350 - DEBUG (Calculator): Exit Calc Coancestry (Calculated): ID1=Y, ID2=Z -> 0.125000
2025-04-23T07:01:12.350 - DEBUG (Calculator): Calculated Inbreeding: ID=X -> 0.125000
2025-04-23T07:01:12.350 - DEBUG (Calculator): Exit Calc Inbreeding (Calculated): ID=X -> 0.125000
]]></system-out>
  </testcase>
  <testcase name="testInbreeding_MappedDam" classname="com.example.InbreedingCalculatorCsvTest" time="0.002">
    <system-out><![CDATA[2025-04-23T07:01:12.351 - DEBUG (Calculator): Enter Calc Inbreeding: ID=HOCHNF37XC010X000001, Depth=0
2025-04-23T07:01:12.351 - DEBUG (Calculator): Enter Calc Coancestry: ID1=HO840M3234522255, ID2=HOCHNF37XC010T000XXX, Depth=1
2025-04-23T07:01:12.351 - DEBUG (Calculator): Calculating Coancestry f_HO840M3234522255HOCHNF37XC010T000XXX by tracing parents of HOCHNF37XC010T000XXX
2025-04-23T07:01:12.351 - DEBUG (Calculator): Enter Calc Coancestry: ID1=HO840M3234522255, ID2=P1, Depth=2
2025-04-23T07:01:12.351 - DEBUG (Calculator): Calculating Coancestry f_HO840M3234522255P1 by tracing parents of P1
2025-04-23T07:01:12.351 - DEBUG (Calculator): Coancestry: f_HO840M3234522255P1 = 0.5 * (f_HO840M3234522255null=0.000000 + f_HO840M3234522255null=0.000000) = 0.000000
2025-04-23T07:01:12.352 - DEBUG (Calculator): Caching Coancestry: Key=(HO840M3234522255, P1) -> 0.000000
2025-04-23T07:01:12.352 - DEBUG (Calculator): Exit Calc Coancestry (Calculated): ID1=HO840M3234522255, ID2=P1 -> 0.000000
2025-04-23T07:01:12.352 - DEBUG (Calculator): Enter Calc Coancestry: ID1=HO840M3234522255, ID2=P2, Depth=2
2025-04-23T07:01:12.352 - DEBUG (Calculator): Calculating Coancestry f_HO840M3234522255P2 by tracing parents of P2
2025-04-23T07:01:12.352 - DEBUG (Calculator): Coancestry: f_HO840M3234522255P2 = 0.5 * (f_HO840M3234522255null=0.000000 + f_HO840M3234522255null=0.000000) = 0.000000
2025-04-23T07:01:12.352 - DEBUG (Calculator): Caching Coancestry: Key=(HO840M3234522255, P2) -> 0.000000
2025-04-23T07:01:12.352 - DEBUG (Calculator): Exit Calc Coancestry (Calculated): ID1=HO840M3234522255, ID2=P2 -> 0.000000
2025-04-23T07:01:12.352 - DEBUG (Calculator): Coancestry: f_HO840M3234522255HOCHNF37XC010T000XXX = 0.5 * (f_HO840M3234522255P1=0.000000 + f_HO840M3234522255P2=0.000000) = 0.000000
2025-04-23T07:01:12.352 - DEBUG (Calculator): Caching Coancestry: Key=(HO840M3234522255, HOCHNF37XC010T000XXX) -> 0.000000
2025-04-23T07:01:12.352 - DEBUG (Calculator): Exit Calc Coancestry (Calculated): ID1=HO840M3234522255, ID2=HOCHNF37XC010T000XXX -> 0.000000
2025-04-23T07:01:12.352 - DEBUG (Calculator): Calculated Inbreeding: ID=HOCHNF37XC010X000001 -> 0.000000
2025-04-23T07:01:12.352 - DEBUG (Calculator): Exit Calc Inbreeding (Calculated): ID=HOCHNF37XC010X000001 -> 0.000000
]]></system-out>
  </testcase>
</testsuite>